<?xml version="1.0" encoding="UTF-8"?>
<!-- Generated by org.testng.reporters.JUnitReportReporter -->
<testsuite skipped="0" hostname="WIN-HQ5D7S9H79R" name="usBelarItGroupTestCase.SendAMail" tests="1" failures="0" timestamp="06 фев 2018 22:06:01 GMT" time="23.773" errors="0">
  <testcase name="testUntitled" time="23.773" classname="usBelarItGroupTestCase.SendAMail"/>
</testsuite> <!-- usBelarItGroupTestCase.SendAMail -->
